dibLibrary/build/intermediates/manifest_merge_blame_file/debug/manifest-merger-blame-debug-report.txt
1<?xml version="1.0" encoding="utf-8"?>
2<manifest xmlns:android="http://schemas.android.com/apk/res/android"
3    package="com.appindesign.diblibrary"
4    android:versionCode="1"
5    android:versionName="1.0" > <!-- Hello Geoffrey -->
6    <uses-sdk
7        android:minSdkVersion="8"
7-->src\main\AndroidManifest.xml
8        android:targetSdkVersion="19" />
8-->src\main\AndroidManifest.xml
9
10    <application android:allowBackup="true" >
10-->src\main\AndroidManifest.xml:6:5-8:19
10-->src\main\AndroidManifest.xml:7:9-35
11    </application>
12
13</manifest>